<?xml version="1.0" encoding="iso-8859-1"?>
<!-- $Id: testresults.xml,v 1.6 2007/04/09 20:20:12 menteith Exp $ -->
<testsuite profile="xmlroff with PDF output"><testcases base="testsuite" profile="xmlroff Test Suite">
  
  <testcases profile="expression" base="expression">
    
    <testresult id="expression1" results="expression1.pdf" agreement="full" specproblem="no" testproblem="no"/>
    <testresult id="from-table-column1" results="from-table-column1.pdf" agreement="issues" specproblem="no" testproblem="no">Fails as expected.  Too many assertion failure messages.</testresult>
    <testresult id="from-table-column2" results="from-table-column2.pdf" agreement="full" specproblem="no" testproblem="yes">Unexpected assertion failure.</testresult>
    <testresult id="from-table-column3" results="from-table-column3.pdf" agreement="issues" specproblem="no" testproblem="no">Does not fail.</testresult>
    <testresult id="from-table-column4" results="from-table-column4.pdf" agreement="full" specproblem="no" testproblem="no">Fails as expected.</testresult>
    <testresult id="from-table-column5" results="from-table-column5.pdf" agreement="full" specproblem="no" testproblem="no">Fails as expected.</testresult>
    <testresult id="from-table-column6" results="from-table-column6.pdf" agreement="issues" specproblem="no" testproblem="no">Fails with null property value</testresult>
    <testresult id="from-table-column7" results="from-table-column7.pdf" agreement="full" specproblem="no" testproblem="yes">Formatted output and log messages not very informative.</testresult>
  </testcases>
  <testcases profile="fo" base="fo">
    <testcases profile="block" base="block">
      <testcases profile="block" base="block">
        <testresult id="start-indent-percentage" results="start-indent-percentage.pdf" agreement="full" specproblem="no" testproblem="no" futuresupport="full"/>
      </testcases>
    </testcases>
    <testcases profile="declaration-pagination-layout" base="declaration-pagination-layout">
      <testcases profile="region-body" base="region-body">
        <testresult id="region-body-overflow1" results="region-body-overflow1.pdf" agreement="full" specproblem="no" testproblem="no">Treated as auto in accordance with XSL 1.0 spec.</testresult>
      <testresult id="region-body-overflow2" results="region-body-overflow2.pdf" agreement="full" specproblem="no" testproblem="no"/>
      <testresult id="region-body-overflow3" results="region-body-overflow3.pdf" agreement="full" specproblem="no" testproblem="no">Treated as \'auto\' in accordance with XSL 1.0 spec.</testresult>
      <testresult id="region-body-overflow4" results="region-body-overflow4.pdf" agreement="full" specproblem="no" testproblem="no">Treated as \'auto\' in accordance with XSL 1.0 spec.</testresult>
      <testresult id="region-body-overflow5" results="region-body-overflow5.pdf" agreement="full" specproblem="no" testproblem="no">Treated as \'auto\' in accordance with XSL 1.0 spec.</testresult>
      <testresult id="region-body-overflow6" results="region-body-overflow6.pdf" agreement="full" specproblem="no" testproblem="no"/>
      <testresult id="region-body-overflow7" results="region-body-overflow7.pdf" agreement="full" specproblem="no" testproblem="no"/>
    </testcases>
    </testcases>
    <testcases profile="inline" base="inline">
      <testcases profile="external-graphic" base="external-graphic">
        <testresult id="external-graphic-1" results="external-graphic-1.pdf" agreement="full" specproblem="no" testproblem="no"/>
        <testresult id="external-graphic-2" results="external-graphic-2.pdf" agreement="full" specproblem="no" testproblem="no"/>
        <testresult id="external-graphic-3" results="external-graphic-3.pdf" agreement="full" specproblem="no" testproblem="no"/>
        <testresult id="external-graphic-4" results="external-graphic-4.pdf" agreement="full" specproblem="no" testproblem="no"/>
        <testresult id="external-graphic-5" results="external-graphic-5.pdf" agreement="full" specproblem="no" testproblem="no"/>
        <testresult id="external-graphic-6" results="external-graphic-6.pdf" agreement="issues" specproblem="no" testproblem="no">No graphic.</testresult>
      </testcases>
    </testcases>
    <testcases profile="list" base="list">
      <testresult id="list-1" results="list1-1.pdf" agreement="issues" specproblem="no" testproblem="no">Results not yet verified</testresult>
      <testresult id="list-2" results="list1-2.pdf" agreement="full" specproblem="no" testproblem="no">Results not yet verified</testresult>
    </testcases>
    <testcases profile="other" base="other">
    </testcases>
    <testcases profile="out-of-line" base="out-of-line">
    </testcases>
    <testcases profile="table" base="table">
    </testcases>
  </testcases>
  <testcases profile="property" base="property">
    <testcases profile="absolute-position" base="absolute-position">
    </testcases>
    <testcases profile="accessability" base="accessability">
    </testcases>
    <testcases profile="block-line" base="block-line">
      <testresult id="text-align-start" results="text-align-start.pdf" agreement="issues" specproblem="no" testproblem="no">Whitespace at end of line should not take up space.</testresult>
      <testresult id="text-align-center" results="text-align-center.pdf" agreement="full" specproblem="no" testproblem="no"/>
      <testresult id="text-align-end" results="text-align-end.pdf" agreement="issues" specproblem="no" testproblem="no">Whitespace at end of line should not be included.</testresult>
      <testresult id="text-align-justify" results="text-align-justify.pdf" agreement="issues" specproblem="no" testproblem="no">Justify is not supported by Pango.</testresult>
      <testresult id="text-align-inside" results="text-align-inside.pdf" agreement="full" specproblem="no" testproblem="no"/>
      <testresult id="text-align-outside" results="text-align-outside.pdf" agreement="issues" specproblem="no" testproblem="no">No longer works correctly.  Whitespace at end of line should not show.</testresult>
      <testresult id="text-align-left" results="text-align-left.pdf" agreement="full" specproblem="no" testproblem="no"/>
      <testresult id="text-align-right" results="text-align-right.pdf" agreement="issues" specproblem="no" testproblem="no">Whitespace at end of line should not take up space.</testresult>
    </testcases>
    <testcases profile="border-padding-background" base="border-padding-background">
      <testresult id="background-color1" results="background-color1.pdf" agreement="full" specproblem="no" testproblem="no"/>
      <testresult id="border-left-style1" results="border-left-style1.pdf" agreement="full" specproblem="no" testproblem="no"/>
      <testresult id="border-right-style1" results="border-right-style1.pdf" agreement="full" specproblem="no" testproblem="no"/>
      <testresult id="border-top-style1" results="border-top-style1.pdf" agreement="full" specproblem="no" testproblem="no"/>
      <testresult id="border-bottom-style1" results="border-bottom-style1.pdf" agreement="full" specproblem="no" testproblem="no"/>
      <testresult id="border-before-style1" results="border-before-style1.pdf" agreement="full" specproblem="no" testproblem="no"/>
      <testresult id="border-after-style1" results="border-after-style1.pdf" agreement="full" specproblem="no" testproblem="no"/>
      <testresult id="border-start-style1" results="border-start-style1.pdf" agreement="full" specproblem="no" testproblem="no"/>
      <testresult id="border-end-style1" results="border-end-style1.pdf" agreement="full" specproblem="no" testproblem="no"/>
      <testresult id="padding-after1" results="padding-after1.pdf" agreement="full" specproblem="no" testproblem="no"/>
      <testresult id="padding-before1" results="padding-before1.pdf" agreement="full" specproblem="no" testproblem="no"/>
      <testresult id="padding-before2" results="padding-before2.pdf" agreement="issues" specproblem="no" testproblem="no">.conditionality not working.</testresult>
      <testresult id="padding-before3" results="padding-before3.pdf" agreement="full" specproblem="no" testproblem="no"/>
      <testresult id="padding-bottom1" results="padding-bottom1.pdf" agreement="full" specproblem="no" testproblem="no"/>
      <testresult id="padding-end1" results="padding-end1.pdf" agreement="full" specproblem="no" testproblem="no"/>
      <testresult id="padding-left1" results="padding-left1.pdf" agreement="full" specproblem="no" testproblem="no"/>
      <testresult id="padding-right1" results="padding-right1.pdf" agreement="full" specproblem="no" testproblem="no"/>
      <testresult id="padding-start1" results="padding-start1.pdf" agreement="full" specproblem="no" testproblem="no"/>
      <testresult id="padding-top1" results="padding-top1.pdf" agreement="full" specproblem="no" testproblem="no"/>
    </testcases>
    <testcases profile="character" base="character">
    </testcases>
    <testcases profile="color" base="color">
      <testresult id="color1" results="color1.pdf" agreement="full" specproblem="no" testproblem="no"/>
    </testcases>
    <testcases profile="dynamic" base="dynamic">
    </testcases>
    <testcases profile="float" base="float">
    </testcases>
    <testcases profile="font" base="font">
      <testresult id="font-size" results="font-size.pdf" agreement="issues" specproblem="no" testproblem="no">Segfaults.</testresult>
      <testresult id="font-size-fail" results="font-size-fail.pdf" agreement="full" specproblem="no" testproblem="no"/>
      <testresult id="font-stretch" results="font-stretch.pdf" agreement="issues" specproblem="no" testproblem="no">No apparent effect.  May be problem with font not available in range of widths.</testresult>
      <testresult id="font-weight-sans-serif" results="font-weight-sans-serif.pdf" agreement="full" specproblem="no" testproblem="no">Appears correct given range of font weights available on this machine.</testresult>
      <testresult id="font-weight-serif" results="font-weight-serif.pdf" agreement="issues" specproblem="no" testproblem="no">Segfaults.</testresult>
      <testresult id="font-weight-monospace" results="font-weight-monospace.pdf" agreement="issues" specproblem="no" testproblem="yes">Segfaults</testresult>
    </testcases>
    <testcases profile="hyphenation" base="hyphenation">
    </testcases>
    <testcases profile="keep-break" base="keep-break">
    </testcases>
    <testcases profile="layout" base="layout">
    </testcases>
    <testcases profile="leader-rule" base="leader-rule">
    </testcases>
    <testcases profile="margin-block" base="margin-block">
    </testcases>
    <testcases profile="margin-inline" base="margin-inline">
    </testcases>
    <testcases profile="marker" base="marker">
    </testcases>
    <testcases profile="miscellaneous" base="miscellaneous">
    </testcases>
    <testcases profile="pagination-layout" base="pagination-layout">
    </testcases>
    <testcases profile="relative-position" base="relative-position">
    </testcases>
    <testcases profile="shorthand" base="shorthand">
      <testresult id="border1" results="border1.pdf" agreement="full" specproblem="no" testproblem="no"/>
      <testresult id="border2" results="border2.pdf" agreement="full" specproblem="no" testproblem="no"/>
      <testresult id="border3" results="border3.pdf" agreement="full" specproblem="no" testproblem="no"/>
      <testresult id="border-color1" results="border-color1.pdf" agreement="full" specproblem="no" testproblem="no"/>
      <testresult id="border-color2" results="border-color2.pdf" agreement="full" specproblem="no" testproblem="no"/>
      <testresult id="border-color3" results="border-color3.pdf" agreement="full" specproblem="no" testproblem="no"/>
      <testresult id="border-color4" results="border-color4.pdf" agreement="full" specproblem="no" testproblem="no"/>
      <testresult id="border-color5" results="border-color5.pdf" agreement="full" specproblem="no" testproblem="no"/>
      <testresult id="border-style1" results="border-style1.pdf" agreement="full" specproblem="no" testproblem="no"/>
      <testresult id="border-style2" results="border-style2.pdf" agreement="full" specproblem="no" testproblem="no"/>
      <testresult id="border-style3" results="border-style3.pdf" agreement="full" specproblem="no" testproblem="no"/>
      <testresult id="border-style4" results="border-style4.pdf" agreement="full" specproblem="no" testproblem="no"/>
      <testresult id="border-style5" results="border-style5.pdf" agreement="full" specproblem="no" testproblem="no"/>
      <testresult id="border-width1" results="border-width1.pdf" agreement="full" specproblem="no" testproblem="no"/>
      <testresult id="border-width2" results="border-width2.pdf" agreement="full" specproblem="no" testproblem="no"/>
      <testresult id="border-width3" results="border-width3.pdf" agreement="full" specproblem="no" testproblem="no"/>
      <testresult id="border-width4" results="border-width4.pdf" agreement="full" specproblem="no" testproblem="no"/>
      <testresult id="border-width5" results="border-width5.pdf" agreement="full" specproblem="no" testproblem="no"/>
      <testresult id="padding1" results="padding1.pdf" agreement="full" specproblem="no" testproblem="no"/>
      <testresult id="padding2" results="padding2.pdf" agreement="full" specproblem="no" testproblem="no"/>
      <testresult id="padding3" results="padding3.pdf" agreement="full" specproblem="no" testproblem="no"/>
      <testresult id="padding4" results="padding4.pdf" agreement="issues" specproblem="no" testproblem="no">Whitespace at end of line takes up space.</testresult>
      <testresult id="padding5" results="padding5.pdf" agreement="full" specproblem="no" testproblem="no"/>
      <testresult id="padding6" results="padding6.pdf" agreement="issues" specproblem="no" testproblem="no">Padding on nested blocks appears to not work.</testresult>
      <testresult id="padding7" results="padding7.pdf" agreement="full" specproblem="no" testproblem="no"/>
    </testcases>
    <testcases profile="table" base="table">
    </testcases>
    <testcases profile="writing-mode" base="writing-mode">
      <testresult id="writing-mode" results="writing-mode.pdf" agreement="issues" specproblem="no" testproblem="no">Totally messed up.</testresult>
    </testcases>

  </testcases>

  <testcases profile="structure" base="structure">
    
    <testresult id="element-content" results="element-content.pdf" agreement="full" specproblem="no" testproblem="no">Fails as expected.</testresult>

  </testcases>

  <testcases profile="multiple" base="multiple">

    <testresult id="simple" results="simple.pdf" agreement="issues" specproblem="no" testproblem="no">Don\'t know if extent of background behind fo:character is correct.</testresult>
    <testresult id="unsupported-property" results="unsupported-property.pdf" agreement="full" specproblem="no" testproblem="yes">This works okay, but still cases in real documents where unsupported property is reported as \'null\'.</testresult>

  </testcases>
  </testcases>

  <testcases base="docbook-testdocs-1.1" profile="DocBook testdocs Test Suite">
  
  <testcases profile="i18n" base="i18n">
    
    <testresult id="book" results="book.pdf" agreement="full" specproblem="no" testproblem="no">Text appears correct.</testresult>
    <testresult id="af" results="af.pdf" agreement="full" specproblem="no" testproblem="no">Appears correct.</testresult>
    <testresult id="ca" results="ca.pdf" agreement="full" specproblem="no" testproblem="no">Appears correct.</testresult>
    <testresult id="cs" results="cs.pdf" agreement="full" specproblem="no" testproblem="no">Appears correct</testresult>
    <testresult id="da" results="da.pdf" agreement="full" specproblem="no" testproblem="no">Appears correct</testresult>
    <testresult id="de" results="de.pdf" agreement="full" specproblem="no" testproblem="no">Appears correct.</testresult>
    <testresult id="el" results="el.pdf" agreement="issues" specproblem="no" testproblem="no">Greek text is widely spaced.</testresult>
    <testresult id="en" results="en.pdf" agreement="issues" specproblem="no" testproblem="no">Space at beginning of paragraphs because of newline after para start tag in XML.  This is common to all i18n tests.</testresult>
    <testresult id="es" results="es.pdf" agreement="full" specproblem="no" testproblem="no">Text appears correct.</testresult>
    <testresult id="et" results="et.pdf" agreement="full" specproblem="no" testproblem="no">Appears correct.</testresult>
    <testresult id="eu" results="eu.pdf" agreement="full" specproblem="no" testproblem="no">Appears correct.</testresult>
    <testresult id="fi" results="fi.pdf" agreement="full" specproblem="no" testproblem="no">Appears correct.</testresult>
    <testresult id="fr" results="fr.pdf" agreement="full" specproblem="no" testproblem="no">Appears correct</testresult>
    <testresult id="hu" results="hu.pdf" agreement="full" specproblem="no" testproblem="no">Appears correct.</testresult>
    <testresult id="id" results="id.pdf" agreement="full" specproblem="no" testproblem="no">Appears correct.</testresult>
    <testresult id="it" results="it.pdf" agreement="full" specproblem="no" testproblem="no">Appears correct.</testresult>
    <testresult id="ja" results="ja.pdf" agreement="full" specproblem="no" testproblem="no"/>
    <testresult id="ko" results="ko.pdf" agreement="full" specproblem="no" testproblem="no">Appears okay.</testresult>
    <testresult id="nl" results="nl.pdf" agreement="full" specproblem="no" testproblem="no">Text appears correct.</testresult>
    <testresult id="nn" results="nn.pdf" agreement="full" specproblem="no" testproblem="no">Appears correct.</testresult>
    <testresult id="no" results="no.pdf" agreement="full" specproblem="no" testproblem="no">Appears correct.</testresult>
    <testresult id="pl" results="pl.pdf" agreement="full" specproblem="no" testproblem="no">Appears correct.</testresult>
    <testresult id="pt_br" results="pt_br.pdf" agreement="full" specproblem="no" testproblem="no">Appears correct.</testresult>
    <testresult id="pt" results="pt.pdf" agreement="full" specproblem="no" testproblem="no">Appears correct.</testresult>
    <testresult id="ro" results="ro.pdf" agreement="full" specproblem="no" testproblem="no">Appears correct.</testresult>
    <testresult id="ru" results="ru.pdf" agreement="full" specproblem="no" testproblem="no"/>
    <testresult id="sk" results="sk.pdf" agreement="full" specproblem="no" testproblem="no">Appears correct.</testresult>
    <testresult id="sl" results="sl.pdf" agreement="full" specproblem="no" testproblem="no">Appears correct.</testresult>
    <testresult id="sr" results="sr.pdf" agreement="full" specproblem="no" testproblem="no">Appears okay.</testresult>
    <testresult id="sv" results="sv.pdf" agreement="full" specproblem="no" testproblem="no">Text appears correct.</testresult>
    <testresult id="test" results="test.pdf" agreement="issues" specproblem="no" testproblem="no">Results not yet verified</testresult>
    <testresult id="th" results="th.pdf" agreement="full" specproblem="no" testproblem="no">Text appears correct.</testresult>
    <testresult id="tr" results="tr.pdf" agreement="full" specproblem="no" testproblem="no">Appears okay.</testresult>
    <testresult id="uk" results="uk.pdf" agreement="full" specproblem="no" testproblem="no">Text appears correct.</testresult>
    <testresult id="xh" results="xh.pdf" agreement="full" specproblem="no" testproblem="no">Xhosa text before chapter number.</testresult>
    <testresult id="zh_cn" results="zh_cn.pdf" agreement="full" specproblem="no" testproblem="no">Appears correct.</testresult>
    <testresult id="zh_tw" results="zh_tw.pdf" agreement="full" specproblem="no" testproblem="no">Text appears correct.</testresult>
  </testcases>

  <testcases profile="tests" base="tests">
    <testresult id="admonitions.001" results="admonitions.001.pdf" agreement="full" specproblem="no" testproblem="no"/>
    <testresult id="article.001" results="article.001.pdf" agreement="full" specproblem="no" testproblem="no"/>
    <testresult id="article.002" results="article.002.pdf" agreement="full" specproblem="no" testproblem="yes">Test refers to itself by wrong name.</testresult>
    <testresult id="bibliography.001" results="bibliography.001.pdf" agreement="full" specproblem="no" testproblem="no"/>
    <testresult id="bibliography.002" results="bibliography.002.pdf" agreement="full" specproblem="no" testproblem="no"/>
    <testresult id="blockquote.001" results="blockquote.001.pdf" agreement="full" specproblem="no" testproblem="no"/>
    <testresult id="book.001" results="book.001.pdf" agreement="issues" specproblem="no" testproblem="no">Is there a reason why text before any first section is more closely spaced?</testresult>
    <testresult id="book.002" results="book.002.pdf" agreement="issues" specproblem="no" testproblem="no">Page number references not working.</testresult>
    <testresult id="book.003" results="book.003.pdf" agreement="issues" specproblem="no" testproblem="no">Page number references do not work.</testresult>
    <testresult id="bookinfo.001" results="bookinfo.001.pdf" agreement="issues" specproblem="no" testproblem="no">Page number references do not work.</testresult>
    <testresult id="bridgehead.001" results="bridgehead.001.pdf" agreement="issues" specproblem="no" testproblem="no">Page number references do not work.</testresult>
    <testresult id="calloutlist.001" results="calloutlist.001.pdf" agreement="issues" specproblem="no" testproblem="no">No callout graphics in callout list.  Callout graphics very low.</testresult>
ChangeLog
    <testresult id="chapter.001" results="chapter.001.pdf" agreement="full" specproblem="no" testproblem="no"/>
    <testresult id="classsynopsis.001" results="classsynopsis.001.pdf" agreement="issues" specproblem="no" testproblem="no">Strange handling of whitespace.</testresult>
    <testresult id="draft.001" results="draft.001.pdf" agreement="issues" specproblem="no" testproblem="no">No draft indication.  Lots of Child area overflows parent area messages.</testresult>
    <testresult id="emphasis.001" results="emphasis.001.pdf" agreement="issues" specproblem="no" testproblem="no">No strikethrough.  No underline.</testresult>
    <testresult id="epigraph.001" results="epigraph.001.pdf" agreement="full" specproblem="no" testproblem="no"/>
    <testresult id="equation.001" results="equation.001.pdf" agreement="issues" specproblem="no" testproblem="no">No graphic.</testresult>
    <testresult id="equation.002" results="equation.002.pdf" agreement="issues" specproblem="no" testproblem="no">No graphic.</testresult>
    <testresult id="equation.003" results="equation.003.pdf" agreement="issues" specproblem="no" testproblem="no">No graphic.</testresult>
    <testresult id="example.001" results="example.001.pdf" agreement="full" specproblem="no" testproblem="no"/>
    <testresult id="extensions.001" results="extensions.001.pdf" agreement="issues" specproblem="no" testproblem="no">No graphics.  No line breaks in programlisting.</testresult>
    <testresult id="extensions.002" results="extensions.002.pdf" agreement="issues" specproblem="no" testproblem="no">The expected inserted text did not appear.</testresult>
    <testresult id="extensions.003" results="extensions.003.pdf" agreement="issues" specproblem="no" testproblem="no">No line breaks in programlisting.</testresult>
    <testresult id="extensions.004" results="extensions.004.pdf" agreement="issues" specproblem="no" testproblem="no">Failed</testresult>
    <testresult id="figure.001" results="figure.001.pdf" agreement="issues" specproblem="no" testproblem="no">Results not yet verified</testresult>
    <testresult id="footnote.001" results="footnote.001.pdf" agreement="issues" specproblem="no" testproblem="no">No footnote text.</testresult>
    <testresult id="footnote.002" results="footnote.002.pdf" agreement="issues" specproblem="no" testproblem="yes">Fixed table layout not selected correctly by stylesheet.</testresult>
    <testresult id="footnote.003" results="footnote.003.pdf" agreement="issues" specproblem="no" testproblem="no">Results not yet verified</testresult>
    <testresult id="formalpara.001" results="formalpara.001.pdf" agreement="full" specproblem="no" testproblem="no"/>
    <testresult id="formalpara.002" results="formalpara.002.pdf" agreement="full" specproblem="no" testproblem="no"/>
    <testresult id="glossary.001" results="glossary.001.pdf" agreement="issues" specproblem="no" testproblem="no">Truncated.  Pages couldn\'t break.</testresult>
    <testresult id="imagelib.001" results="imagelib.001.pdf" agreement="issues" specproblem="no" testproblem="no">Results not yet verified</testresult>
    <testresult id="indexterm.001" results="indexterm.001.pdf" agreement="issues" specproblem="no" testproblem="no">No forward page references.  ZWSP is not ZW.</testresult>
    <testresult id="indexterm.002" results="indexterm.002.pdf" agreement="issues" specproblem="no" testproblem="no">ZWSP doesn\'t have zero width.  No forward references.  Page numbers restart for appendix.</testresult>
    <testresult id="informalequation-mml.001" results="informalequation-mml.001.pdf" agreement="issues" specproblem="no" testproblem="no">No mml support.  XML and XSL should still show in report.</testresult>
    <testresult id="informaltable.001" results="informaltable.001.pdf" agreement="issues" specproblem="no" testproblem="yes">Stylesheet does not properly select fixed table layout.</testresult>
    <testresult id="informaltable.002" results="informaltable.002.pdf" agreement="issues" specproblem="no" testproblem="yes">Stylesheet does not properly select fixed table layout.</testresult>
    <testresult id="informaltable.003" results="informaltable.003.pdf" agreement="issues" specproblem="no" testproblem="yes">Stylesheet does not properly select fixed table layout.</testresult>
    <testresult id="informaltable.004" results="informaltable.004.pdf" agreement="issues" specproblem="no" testproblem="no">Stylesheet does not properly select fixed table layout.</testresult>
    <testresult id="informaltable.005" results="informaltable.005.pdf" agreement="issues" specproblem="no" testproblem="no">Results not yet verified</testresult>
    <testresult id="informaltable.006" results="informaltable.006.pdf" agreement="issues" specproblem="no" testproblem="no">Results not yet verified</testresult>
    <testresult id="informaltable.007" results="informaltable.007.pdf" agreement="issues" specproblem="no" testproblem="no">Results not yet verified</testresult>
    <testresult id="informaltable.008" results="informaltable.008.pdf" agreement="issues" specproblem="no" testproblem="no">Results not yet verified</testresult>
    <testresult id="informaltable.009" results="informaltable.009.pdf" agreement="issues" specproblem="no" testproblem="no">Results not yet verified</testresult>
    <testresult id="informaltable.010" results="informaltable.010.pdf" agreement="issues" specproblem="no" testproblem="no">Results not yet verified</testresult>
    <testresult id="informaltable.011" results="informaltable.011.pdf" agreement="issues" specproblem="no" testproblem="no">Results not yet verified</testresult>
    <testresult id="informaltable.012" results="informaltable.012.pdf" agreement="issues" specproblem="no" testproblem="no">Results not yet verified</testresult>
    <testresult id="informaltable.013" results="informaltable.013.pdf" agreement="issues" specproblem="no" testproblem="no">Results not yet verified</testresult>
    <testresult id="informaltable.014" results="informaltable.014.pdf" agreement="issues" specproblem="no" testproblem="no">Results not yet verified</testresult>
    <testresult id="inline.001" results="inline.001.pdf" agreement="issues" specproblem="no" testproblem="no">No red.</testresult>
    <testresult id="itemizedlist.001" results="itemizedlist.001.pdf" agreement="issues" specproblem="no" testproblem="no">No bullets.  No terms in second-level list.</testresult>
    <testresult id="itemizedlist.002" results="itemizedlist.002.pdf" agreement="issues" specproblem="no" testproblem="no">No bullets.</testresult>
    <testresult id="itemizedlist.003" results="itemizedlist.003.pdf" agreement="issues" specproblem="no" testproblem="no">No bullets.</testresult>
    <testresult id="link.001" results="link.001.pdf" agreement="issues" specproblem="no" testproblem="no">No links.</testresult>
    <testresult id="literallayout.001" results="literallayout.001.pdf" agreement="issues" specproblem="no" testproblem="no">No linebreaks.</testresult>
    <testresult id="literallayout.002" results="literallayout.002.pdf" agreement="issues" specproblem="no" testproblem="no">No linebreaks.</testresult>
    <testresult id="literallayout.003" results="literallayout.003.pdf" agreement="issues" specproblem="no" testproblem="no">No linebreaks.</testresult>
    <testresult id="lot.001" results="lot.001.pdf" agreement="issues" specproblem="no" testproblem="no">No forward page number references.</testresult>
    <testresult id="mathml.001" results="mathml.001.pdf" agreement="issues" specproblem="no" testproblem="no">No equation.</testresult>
    <testresult id="mediaobject.001" results="mediaobject.001.pdf" agreement="issues" specproblem="no" testproblem="no">Results not yet verified</testresult>
    <testresult id="methodsynopsis.001" results="methodsynopsis.001.pdf" agreement="issues" specproblem="no" testproblem="yes">Includes extra comma and whitespace.</testresult>
    <testresult id="note.001" results="note.001.pdf" agreement="full" specproblem="no" testproblem="no"/>
    <testresult id="olink.001" results="olink.001.pdf" agreement="issues" specproblem="no" testproblem="no">No linking.</testresult>
    <testresult id="orderedlist.001" results="orderedlist.001.pdf" agreement="issues" specproblem="no" testproblem="no">No list item numbers.</testresult>
    <testresult id="orderedlist.002" results="orderedlist.002.pdf" agreement="issues" specproblem="no" testproblem="no">No list item enumeration.</testresult>
    <testresult id="procedure.001" results="procedure.001.pdf" agreement="issues" specproblem="no" testproblem="no">No step numbering.</testresult>
    <testresult id="procedure.002" results="procedure.002.pdf" agreement="issues" specproblem="no" testproblem="no">No step numbering.</testresult>
    <testresult id="procedure.003" results="procedure.003.pdf" agreement="issues" specproblem="no" testproblem="no">No step number.</testresult>
    <testresult id="productionset.001" results="productionset.001.pdf" agreement="issues" specproblem="no" testproblem="no">Unexpected assertion.</testresult>
    <testresult id="productionset.002" results="productionset.002.pdf" agreement="issues" specproblem="no" testproblem="no">Results not yet verified</testresult>
    <testresult id="productionset.003" results="productionset.003.pdf" agreement="issues" specproblem="no" testproblem="no">Results not yet verified</testresult>
    <testresult id="productionset.004" results="productionset.004.pdf" agreement="issues" specproblem="no" testproblem="no">Results not yet verified</testresult>
    <testresult id="productionset.005" results="productionset.005.pdf" agreement="issues" specproblem="no" testproblem="no">Results not yet verified</testresult>
    <testresult id="programlisting.001" results="programlisting.001.pdf" agreement="issues" specproblem="no" testproblem="no">No linebreaks.</testresult>
    <testresult id="programlisting.002" results="programlisting.002.pdf" agreement="issues" specproblem="no" testproblem="no">No programlisting text.</testresult>
    <testresult id="programlisting.003" results="programlisting.003.pdf" agreement="issues" specproblem="no" testproblem="no">No linebreaks.</testresult>
    <testresult id="programlistingco.001" results="programlistingco.001.pdf" agreement="issues" specproblem="no" testproblem="no">No linebreaks.  No callouts.</testresult>
    <testresult id="programlistingco.002" results="programlistingco.002.pdf" agreement="issues" specproblem="no" testproblem="no">No sample.txt text.</testresult>
    <testresult id="qandaset.001" results="qandaset.001.pdf" agreement="full" specproblem="no" testproblem="no"/>
    <testresult id="qandaset.002" results="qandaset.002.pdf" agreement="issues" specproblem="no" testproblem="no">No q or a enumeration.</testresult>
    <testresult id="qandaset.003" results="qandaset.003.pdf" agreement="issues" specproblem="no" testproblem="no">No q or a enumeration.</testresult>
    <testresult id="refentry.001" results="refentry.001.pdf" agreement="full" specproblem="no" testproblem="no"/>
    <testresult id="refentry.002" results="refentry.002.pdf" agreement="full" specproblem="no" testproblem="no"/>
    <testresult id="refentry.003" results="refentry.003.pdf" agreement="full" specproblem="no" testproblem="no"/>
    <testresult id="refentry.004" results="refentry.004.pdf" agreement="full" specproblem="no" testproblem="no"/>
    <testresult id="reference.001" results="reference.001.pdf" agreement="full" specproblem="no" testproblem="no"/>
    <testresult id="revhistory.001" results="revhistory.001.pdf" agreement="full" specproblem="no" testproblem="no"/>
    <testresult id="screen.001" results="screen.001.pdf" agreement="full" specproblem="no" testproblem="no">Callout graphics appear too low.</testresult>
    <testresult id="sect1.001" results="sect1.001.pdf" agreement="full" specproblem="no" testproblem="no"/>
    <testresult id="sect1.002" results="sect1.002.pdf" agreement="issues" specproblem="no" testproblem="no">Forward page number references do not work.</testresult>
    <testresult id="section.001" results="section.001.pdf" agreement="issues" specproblem="no" testproblem="no">Page number references don\'t work.  Spacing is probably off.</testresult>
    <testresult id="section.002" results="section.002.pdf" agreement="full" specproblem="no" testproblem="no"/>
    <testresult id="section.003" results="section.003.pdf" agreement="full" specproblem="no" testproblem="no"/>
    <testresult id="segmentedlist.001" results="segmentedlist.001.pdf" agreement="full" specproblem="no" testproblem="no">Results not yet verified</testresult>
    <testresult id="segmentedlist.002" results="segmentedlist.002.pdf" agreement="issues" specproblem="no" testproblem="no">Results not yet verified</testresult>
    <testresult id="set.001" results="set.001.pdf" agreement="issues" specproblem="no" testproblem="no">No forward page references.</testresult>
    <testresult id="stamp.001" results="stamp.001.pdf" agreement="issues" specproblem="no" testproblem="no">No graphic.</testresult>
    <testresult id="stamp.002" results="stamp.002.pdf" agreement="issues" specproblem="no" testproblem="no">No graphic.</testresult>
    <testresult id="stamp.003" results="stamp.003.pdf" agreement="issues" specproblem="no" testproblem="no">No graphic.</testresult>
    <testresult id="stamp.004" results="stamp.004.pdf" agreement="issues" specproblem="no" testproblem="no">Results not yet verified</testresult>
    <testresult id="stamp.005" results="stamp.005.pdf" agreement="issues" specproblem="no" testproblem="no">Results not yet verified</testresult>
    <testresult id="stamp.006" results="stamp.006.pdf" agreement="issues" specproblem="no" testproblem="no">No graphic.</testresult>
    <testresult id="stamp.007" results="stamp.007.pdf" agreement="issues" specproblem="no" testproblem="no">No graphic.</testresult>
    <testresult id="stamp.008" results="stamp.008.pdf" agreement="issues" specproblem="no" testproblem="no">No graphic.</testresult>
    <testresult id="stamp.009" results="stamp.009.pdf" agreement="issues" specproblem="no" testproblem="no">No graphic.</testresult>
    <testresult id="stamp.010" results="stamp.010.pdf" agreement="issues" specproblem="no" testproblem="no">No graphic</testresult>
    <testresult id="stamp.011" results="stamp.011.pdf" agreement="issues" specproblem="no" testproblem="no">Results not yet verified</testresult>
    <testresult id="stamp.012" results="stamp.012.pdf" agreement="issues" specproblem="no" testproblem="no">Results not yet verified</testresult>
    <testresult id="svg.001" results="svg.001.pdf" agreement="issues" specproblem="no" testproblem="no">No graphic.</testresult>
    <testresult id="svg.002" results="svg.002.pdf" agreement="full" specproblem="no" testproblem="no">Probably fallback figure.</testresult>
    <testresult id="table.001" results="table.001.pdf" agreement="issues" specproblem="no" testproblem="no">Results not yet verified</testresult>
    <testresult id="table.002" results="table.002.pdf" agreement="issues" specproblem="no" testproblem="no">Results not yet verified</testresult>
    <testresult id="table.003" results="table.003.pdf" agreement="issues" specproblem="no" testproblem="no">Results not yet verified</testresult>
    <testresult id="table.004" results="table.004.pdf" agreement="issues" specproblem="no" testproblem="no">Results not yet verified</testresult>
    <testresult id="table.005" results="table.005.pdf" agreement="issues" specproblem="no" testproblem="no">No landscape table.</testresult>
    <testresult id="table.006" results="table.006.pdf" agreement="issues" specproblem="no" testproblem="no">Results not yet verified</testresult>
    <testresult id="toc.001" results="toc.001.pdf" agreement="issues" specproblem="no" testproblem="no">No forward page references.</testresult>
    <testresult id="ulink.001" results="ulink.001.pdf" agreement="issues" specproblem="no" testproblem="no">No hyphens being added.</testresult>
    <testresult id="variablelist.001" results="variablelist.001.pdf" agreement="full" specproblem="no" testproblem="no"/>
    <testresult id="variablelist.002" results="variablelist.002.pdf" agreement="issues" specproblem="no" testproblem="no">No term.  Failed assertion.</testresult>
    <testresult id="variablelist.003" results="variablelist.003.pdf" agreement="issues" specproblem="no" testproblem="no">No terms.</testresult>
    <testresult id="variablelist.004" results="variablelist.004.pdf" agreement="full" specproblem="no" testproblem="no"/>
    <testresult id="xref.001" results="xref.001.pdf" agreement="issues" specproblem="no" testproblem="no">No forward page references.</testresult>
    <testresult id="xrefstyle.001" results="xrefstyle.001.pdf" agreement="full" specproblem="no" testproblem="no">Cross-references text produced by stylesheet anyway.</testresult>
  </testcases>
</testcases></testsuite>
