<?xml version="1.0" encoding="iso-8859-1"?>
<!-- $Id: testresults.xml,v 1.6 2007/04/09 20:20:12 menteith Exp $ -->
<testsuite profile="xmlroff with PDF output"><testcases base="testsuite" profile="xmlroff Test Suite">
  
  <testcases profile="expression" base="expression">
    
    <testresult id="expression1" results="expression1.pdf" agreement="full" specproblem="no" testproblem="no"/>
    <testresult id="from-table-column1" results="from-table-column1.pdf" agreement="issues" specproblem="no" testproblem="no">Fails as expected.  Too many assertion failure messages.  Ticket #17.</testresult>
    <testresult id="from-table-column2" results="from-table-column2.pdf" agreement="full" specproblem="no" testproblem="yes">Unexpected assertion failure.</testresult>
    <testresult id="from-table-column3" results="from-table-column3.pdf" agreement="issues" specproblem="no" testproblem="no">Does not fail.</testresult>
    <testresult id="from-table-column4" results="from-table-column4.pdf" agreement="full" specproblem="no" testproblem="no">Fails as expected.</testresult>
    <testresult id="from-table-column5" results="from-table-column5.pdf" agreement="full" specproblem="no" testproblem="no">Fails as expected.</testresult>
    <testresult id="from-table-column6" results="from-table-column6.pdf" agreement="issues" specproblem="no" testproblem="no">Fails with null property value</testresult>
    <testresult id="from-table-column7" results="from-table-column7.pdf" agreement="full" specproblem="no" testproblem="yes">Formatted output and log messages not very informative.</testresult>
  </testcases>
  <testcases profile="fo" base="fo">
    <testcases profile="block" base="block">
      <testcases profile="block" base="block">
        <testresult id="start-indent-percentage" results="start-indent-percentage.pdf" agreement="full" specproblem="no" testproblem="no" futuresupport="full"/>
      </testcases>
    </testcases>
    <testcases profile="declaration-pagination-layout" base="declaration-pagination-layout">
      <testcases profile="region-body" base="region-body">
        <testresult id="region-body-overflow1" results="region-body-overflow1.pdf" agreement="full" specproblem="no" testproblem="no">Treated as auto in accordance with XSL 1.0 spec.</testresult>
      <testresult id="region-body-overflow2" results="region-body-overflow2.pdf" agreement="full" specproblem="no" testproblem="no"/>
      <testresult id="region-body-overflow3" results="region-body-overflow3.pdf" agreement="full" specproblem="no" testproblem="no">Treated as \'auto\' in accordance with XSL 1.0 spec.</testresult>
      <testresult id="region-body-overflow4" results="region-body-overflow4.pdf" agreement="full" specproblem="no" testproblem="no">Treated as \'auto\' in accordance with XSL 1.0 spec.</testresult>
      <testresult id="region-body-overflow5" results="region-body-overflow5.pdf" agreement="full" specproblem="no" testproblem="no">Treated as \'auto\' in accordance with XSL 1.0 spec.</testresult>
      <testresult id="region-body-overflow6" results="region-body-overflow6.pdf" agreement="full" specproblem="no" testproblem="no"/>
      <testresult id="region-body-overflow7" results="region-body-overflow7.pdf" agreement="full" specproblem="no" testproblem="no"/>
    </testcases>
    </testcases>
    <testcases profile="inline" base="inline">
      <testcases profile="external-graphic" base="external-graphic">
        <testresult id="external-graphic-1" results="external-graphic-1.pdf" agreement="full" specproblem="no" testproblem="no"/>
        <testresult id="external-graphic-2" results="external-graphic-2.pdf" agreement="full" specproblem="no" testproblem="no"/>
        <testresult id="external-graphic-3" results="external-graphic-3.pdf" agreement="full" specproblem="no" testproblem="no"/>
        <testresult id="external-graphic-4" results="external-graphic-4.pdf" agreement="full" specproblem="no" testproblem="no"/>
        <testresult id="external-graphic-5" results="external-graphic-5.pdf" agreement="full" specproblem="no" testproblem="no"/>
        <testresult id="external-graphic-6" results="external-graphic-6.pdf" agreement="issues" specproblem="no" testproblem="no">No graphic.  PDF blows up Evince, convert, etc.</testresult>
      </testcases>
    </testcases>
    <testcases profile="list" base="list">
      <testresult id="list-1" results="list1-1.pdf" agreement="issues" specproblem="no" testproblem="no">No output.  No error messages.</testresult>
      <testresult id="list-2" results="list1-2.pdf" agreement="issues" specproblem="no" testproblem="no">No output.  No error messages.  Ticket #44.</testresult>
    </testcases>
    <testcases profile="other" base="other">
    </testcases>
    <testcases profile="out-of-line" base="out-of-line">
    </testcases>
    <testcases profile="table" base="table">
    </testcases>
  </testcases>
  <testcases profile="property" base="property">
    <testcases profile="absolute-position" base="absolute-position">
    </testcases>
    <testcases profile="accessability" base="accessability">
    </testcases>
    <testcases profile="block-line" base="block-line">
      <testresult id="text-align-start" results="text-align-start.pdf" agreement="issues" specproblem="no" testproblem="no">Whitespace at end of line should not take up space.</testresult>
      <testresult id="text-align-center" results="text-align-center.pdf" agreement="full" specproblem="no" testproblem="no"/>
      <testresult id="text-align-end" results="text-align-end.pdf" agreement="issues" specproblem="no" testproblem="no">Whitespace at end of line should not be included.</testresult>
      <testresult id="text-align-justify" results="text-align-justify.pdf" agreement="issues" specproblem="no" testproblem="no">Justify is not supported by Pango.</testresult>
      <testresult id="text-align-inside" results="text-align-inside.pdf" agreement="full" specproblem="no" testproblem="no"/>
      <testresult id="text-align-outside" results="text-align-outside.pdf" agreement="issues" specproblem="no" testproblem="no">No longer works correctly.  Whitespace at end of line should not show.</testresult>
      <testresult id="text-align-left" results="text-align-left.pdf" agreement="full" specproblem="no" testproblem="no"/>
      <testresult id="text-align-right" results="text-align-right.pdf" agreement="issues" specproblem="no" testproblem="no">Whitespace at end of line should not take up space.</testresult>
    </testcases>
    <testcases profile="border-padding-background" base="border-padding-background">
      <testresult id="background-color1" results="background-color1.pdf" agreement="full" specproblem="no" testproblem="no"/>
      <testresult id="border-left-style1" results="border-left-style1.pdf" agreement="full" specproblem="no" testproblem="no"/>
      <testresult id="border-right-style1" results="border-right-style1.pdf" agreement="full" specproblem="no" testproblem="no"/>
      <testresult id="border-top-style1" results="border-top-style1.pdf" agreement="full" specproblem="no" testproblem="no"/>
      <testresult id="border-bottom-style1" results="border-bottom-style1.pdf" agreement="full" specproblem="no" testproblem="no"/>
      <testresult id="border-before-style1" results="border-before-style1.pdf" agreement="full" specproblem="no" testproblem="no"/>
      <testresult id="border-after-style1" results="border-after-style1.pdf" agreement="full" specproblem="no" testproblem="no"/>
      <testresult id="border-start-style1" results="border-start-style1.pdf" agreement="full" specproblem="no" testproblem="no"/>
      <testresult id="border-end-style1" results="border-end-style1.pdf" agreement="full" specproblem="no" testproblem="no"/>
      <testresult id="padding-after1" results="padding-after1.pdf" agreement="full" specproblem="no" testproblem="no"/>
      <testresult id="padding-before1" results="padding-before1.pdf" agreement="full" specproblem="no" testproblem="no"/>
      <testresult id="padding-before2" results="padding-before2.pdf" agreement="issues" specproblem="no" testproblem="no">.conditionality not working.</testresult>
      <testresult id="padding-before3" results="padding-before3.pdf" agreement="full" specproblem="no" testproblem="no"/>
      <testresult id="padding-bottom1" results="padding-bottom1.pdf" agreement="full" specproblem="no" testproblem="no"/>
      <testresult id="padding-end1" results="padding-end1.pdf" agreement="full" specproblem="no" testproblem="no"/>
      <testresult id="padding-left1" results="padding-left1.pdf" agreement="full" specproblem="no" testproblem="no"/>
      <testresult id="padding-right1" results="padding-right1.pdf" agreement="full" specproblem="no" testproblem="no"/>
      <testresult id="padding-start1" results="padding-start1.pdf" agreement="full" specproblem="no" testproblem="no"/>
      <testresult id="padding-top1" results="padding-top1.pdf" agreement="full" specproblem="no" testproblem="no"/>
    </testcases>
    <testcases profile="character" base="character">
    </testcases>
    <testcases profile="color" base="color">
      <testresult id="color1" results="color1.pdf" agreement="full" specproblem="no" testproblem="no"/>
    </testcases>
    <testcases profile="dynamic" base="dynamic">
    </testcases>
    <testcases profile="float" base="float">
    </testcases>
    <testcases profile="font" base="font">
      <testresult id="font-size" results="font-size.pdf" agreement="issues" specproblem="no" testproblem="yes">Lots of area overflow messages.  Should be broken into multiple tests with more explanation of expected result.</testresult>
      <testresult id="font-size-fail" results="font-size-fail.pdf" agreement="full" specproblem="no" testproblem="no"/>
      <testresult id="font-stretch" results="font-stretch.pdf" agreement="issues" specproblem="no" testproblem="yes">No apparent effect.  May be problem with font not available in range of widths.  Lots of area overflow messages.  Should be broken into multiple tests with more explanation of expected result.</testresult>
      <testresult id="font-weight-sans-serif" results="font-weight-sans-serif.pdf" agreement="full" specproblem="no" testproblem="yes">Appears correct given range of font weights available on this machine.  Should be broken into multiple tests with more explanation of expected result.</testresult>
      <testresult id="font-weight-serif" results="font-weight-serif.pdf" agreement="full" specproblem="no" testproblem="yes">Appears correct given range of font weights available on this machine.  Should be broken into multiple tests with more explanation of expected result.</testresult>
      <testresult id="font-weight-monospace" results="font-weight-monospace.pdf" agreement="full" specproblem="no" testproblem="yes">Should be broken into multiple tests with more explanation of expected result.</testresult>
    </testcases>
    <testcases profile="hyphenation" base="hyphenation">
    </testcases>
    <testcases profile="keep-break" base="keep-break">
    </testcases>
    <testcases profile="layout" base="layout">
    </testcases>
    <testcases profile="leader-rule" base="leader-rule">
    </testcases>
    <testcases profile="margin-block" base="margin-block">
    </testcases>
    <testcases profile="margin-inline" base="margin-inline">
    </testcases>
    <testcases profile="marker" base="marker">
    </testcases>
    <testcases profile="miscellaneous" base="miscellaneous">
    </testcases>
    <testcases profile="pagination-layout" base="pagination-layout">
    </testcases>
    <testcases profile="relative-position" base="relative-position">
    </testcases>
    <testcases profile="shorthand" base="shorthand">
      <testresult id="border1" results="border1.pdf" agreement="full" specproblem="no" testproblem="no"/>
      <testresult id="border2" results="border2.pdf" agreement="full" specproblem="no" testproblem="no"/>
      <testresult id="border3" results="border3.pdf" agreement="full" specproblem="no" testproblem="no"/>
      <testresult id="border-color1" results="border-color1.pdf" agreement="full" specproblem="no" testproblem="no"/>
      <testresult id="border-color2" results="border-color2.pdf" agreement="full" specproblem="no" testproblem="no"/>
      <testresult id="border-color3" results="border-color3.pdf" agreement="full" specproblem="no" testproblem="no"/>
      <testresult id="border-color4" results="border-color4.pdf" agreement="full" specproblem="no" testproblem="no"/>
      <testresult id="border-color5" results="border-color5.pdf" agreement="full" specproblem="no" testproblem="no"/>
      <testresult id="border-style1" results="border-style1.pdf" agreement="full" specproblem="no" testproblem="no"/>
      <testresult id="border-style2" results="border-style2.pdf" agreement="full" specproblem="no" testproblem="no"/>
      <testresult id="border-style3" results="border-style3.pdf" agreement="full" specproblem="no" testproblem="no"/>
      <testresult id="border-style4" results="border-style4.pdf" agreement="full" specproblem="no" testproblem="no"/>
      <testresult id="border-style5" results="border-style5.pdf" agreement="full" specproblem="no" testproblem="no"/>
      <testresult id="border-width1" results="border-width1.pdf" agreement="full" specproblem="no" testproblem="no"/>
      <testresult id="border-width2" results="border-width2.pdf" agreement="full" specproblem="no" testproblem="no"/>
      <testresult id="border-width3" results="border-width3.pdf" agreement="full" specproblem="no" testproblem="no"/>
      <testresult id="border-width4" results="border-width4.pdf" agreement="full" specproblem="no" testproblem="no"/>
      <testresult id="border-width5" results="border-width5.pdf" agreement="full" specproblem="no" testproblem="no"/>
      <testresult id="padding1" results="padding1.pdf" agreement="full" specproblem="no" testproblem="no"/>
      <testresult id="padding2" results="padding2.pdf" agreement="full" specproblem="no" testproblem="no"/>
      <testresult id="padding3" results="padding3.pdf" agreement="full" specproblem="no" testproblem="no"/>
      <testresult id="padding4" results="padding4.pdf" agreement="issues" specproblem="no" testproblem="no">Whitespace at end of line takes up space.</testresult>
      <testresult id="padding5" results="padding5.pdf" agreement="full" specproblem="no" testproblem="no"/>
      <testresult id="padding6" results="padding6.pdf" agreement="issues" specproblem="no" testproblem="no">Padding on nested blocks appears to not work.</testresult>
      <testresult id="padding7" results="padding7.pdf" agreement="full" specproblem="no" testproblem="no"/>
    </testcases>
    <testcases profile="table" base="table">
    </testcases>
    <testcases profile="writing-mode" base="writing-mode">
      <testresult id="writing-mode" results="writing-mode.pdf" agreement="issues" specproblem="no" testproblem="yes">Test should be split into multiple tests with some explanation of intended results.</testresult>
    </testcases>

  </testcases>

  <testcases profile="structure" base="structure">
    
    <testresult id="element-content" results="element-content.pdf" agreement="full" specproblem="no" testproblem="no">Dumps core.  Ticket #20.</testresult>

  </testcases>

  <testcases profile="multiple" base="multiple">

    <testresult id="simple" results="simple.pdf" agreement="issues" specproblem="no" testproblem="no">Don\'t know if extent of background behind fo:character is correct.</testresult>
    <testresult id="unsupported-property" results="unsupported-property.pdf" agreement="issues" specproblem="no" testproblem="yes">No message.</testresult>

  </testcases>
  </testcases>

</testsuite>
